# JRE version: Java(TM) SE Runtime Environment (8.0_40-b26) (build 1.8.0_40-b26)
# Java VM: Java HotSpot(TM) 64-Bit Server VM (25.40-b25 mixed mode linux-amd64 compressed oops)
Heap:
 PSYoungGen      total 470016K, used 384227K [0x0000000781f00000, 0x000000079fd00000, 0x00000007c0000000)
  eden space 463872K, 82% used [0x0000000781f00000,0x000000079952a470,0x000000079e400000)
  from space 6144K, 17% used [0x000000079f700000,0x000000079f80ea20,0x000000079fd00000)
  to   space 12800K, 0% used [0x000000079e400000,0x000000079e400000,0x000000079f080000)
 ParOldGen       total 111104K, used 21235K [0x0000000705c00000, 0x000000070c880000, 0x0000000781f00000)
  object space 111104K, 19% used [0x0000000705c00000,0x00000007070bcff8,0x000000070c880000)
 Metaspace       used 38699K, capacity 40828K, committed 41048K, reserved 1085440K
  class space    used 5240K, capacity 5739K, committed 5760K, reserved 1048576K
GC Heap History (10 events):
Event: 65.179 GC heap before
{Heap before GC invocations=10 (full 2):
 PSYoungGen      total 211456K, used 318K [0x0000000781f00000, 0x000000078fd80000, 0x00000007c0000000)
  eden space 199680K, 0% used [0x0000000781f00000,0x0000000781f00000,0x000000078e200000)
  from space 11776K, 2% used [0x000000078ee80000,0x000000078eecf968,0x000000078fa00000)
  to   space 12800K, 0% used [0x000000078e200000,0x000000078e200000,0x000000078ee80000)
 ParOldGen       total 89600K, used 20850K [0x0000000705c00000, 0x000000070b380000, 0x0000000781f00000)
  object space 89600K, 23% used [0x0000000705c00000,0x000000070705c850,0x000000070b380000)
 Metaspace       used 33269K, capacity 35384K, committed 35416K, reserved 1079296K
  class space    used 4721K, capacity 5241K, committed 5248K, reserved 1048576K
Event: 65.246 GC heap after
Heap after GC invocations=10 (full 2):
 PSYoungGen      total 211456K, used 0K [0x0000000781f00000, 0x000000078fd80000, 0x00000007c0000000)
  eden space 199680K, 0% used [0x0000000781f00000,0x0000000781f00000,0x000000078e200000)
  from space 11776K, 0% used [0x000000078ee80000,0x000000078ee80000,0x000000078fa00000)
  to   space 12800K, 0% used [0x000000078e200000,0x000000078e200000,0x000000078ee80000)
 ParOldGen       total 111104K, used 17090K [0x0000000705c00000, 0x000000070c880000, 0x0000000781f00000)
  object space 111104K, 15% used [0x0000000705c00000,0x0000000706cb0bd8,0x000000070c880000)
 Metaspace       used 33269K, capacity 35384K, committed 35416K, reserved 1079296K
  class space    used 4721K, capacity 5241K, committed 5248K, reserved 1048576K
}
Event: 66.401 GC heap before
{Heap before GC invocations=11 (full 2):
 PSYoungGen      total 211456K, used 199680K [0x0000000781f00000, 0x000000078fd80000, 0x00000007c0000000)
  eden space 199680K, 100% used [0x0000000781f00000,0x000000078e200000,0x000000078e200000)
  from space 11776K, 0% used [0x000000078ee80000,0x000000078ee80000,0x000000078fa00000)
  to   space 12800K, 0% used [0x000000078e200000,0x000000078e200000,0x000000078ee80000)
 ParOldGen       total 111104K, used 17090K [0x0000000705c00000, 0x000000070c880000, 0x0000000781f00000)
  object space 111104K, 15% used [0x0000000705c00000,0x0000000706cb0bd8,0x000000070c880000)
 Metaspace       used 34826K, capacity 37054K, committed 37208K, reserved 1081344K
  class space    used 4912K, capacity 5434K, committed 5504K, reserved 1048576K
Event: 66.407 GC heap after
Heap after GC invocations=11 (full 2):
 PSYoungGen      total 212480K, used 3334K [0x0000000781f00000, 0x0000000796680000, 0x00000007c0000000)
  eden space 199680K, 0% used [0x0000000781f00000,0x0000000781f00000,0x000000078e200000)
  from space 12800K, 26% used [0x000000078e200000,0x000000078e541838,0x000000078ee80000)
  to   space 12800K, 0% used [0x0000000795a00000,0x0000000795a00000,0x0000000796680000)
 ParOldGen       total 111104K, used 17098K [0x0000000705c00000, 0x000000070c880000, 0x0000000781f00000)
  object space 111104K, 15% used [0x0000000705c00000,0x0000000706cb2bd8,0x000000070c880000)
 Metaspace       used 34826K, capacity 37054K, committed 37208K, reserved 1081344K
  class space    used 4912K, capacity 5434K, committed 5504K, reserved 1048576K
}
Event: 66.471 GC heap before
{Heap before GC invocations=12 (full 2):
 PSYoungGen      total 212480K, used 203014K [0x0000000781f00000, 0x0000000796680000, 0x00000007c0000000)
  eden space 199680K, 100% used [0x0000000781f00000,0x000000078e200000,0x000000078e200000)
  from space 12800K, 26% used [0x000000078e200000,0x000000078e541838,0x000000078ee80000)
  to   space 12800K, 0% used [0x0000000795a00000,0x0000000795a00000,0x0000000796680000)
 ParOldGen       total 111104K, used 17098K [0x0000000705c00000, 0x000000070c880000, 0x0000000781f00000)
  object space 111104K, 15% used [0x0000000705c00000,0x0000000706cb2bd8,0x000000070c880000)
 Metaspace       used 34826K, capacity 37054K, committed 37208K, reserved 1081344K
  class space    used 4912K, capacity 5434K, committed 5504K, reserved 1048576K
Event: 66.475 GC heap after
Heap after GC invocations=12 (full 2):
 PSYoungGen      total 319488K, used 2535K [0x0000000781f00000, 0x0000000796500000, 0x00000007c0000000)
  eden space 308224K, 0% used [0x0000000781f00000,0x0000000781f00000,0x0000000794c00000)
  from space 11264K, 22% used [0x0000000795a00000,0x0000000795c79e58,0x0000000796500000)
  to   space 12800K, 0% used [0x0000000794c00000,0x0000000794c00000,0x0000000795880000)
 ParOldGen       total 111104K, used 17106K [0x0000000705c00000, 0x000000070c880000, 0x0000000781f00000)
  object space 111104K, 15% used [0x0000000705c00000,0x0000000706cb4bd8,0x000000070c880000)
 Metaspace       used 34826K, capacity 37054K, committed 37208K, reserved 1081344K
  class space    used 4912K, capacity 5434K, committed 5504K, reserved 1048576K
}
Event: 146.690 GC heap before
{Heap before GC invocations=13 (full 2):
 PSYoungGen      total 319488K, used 310759K [0x0000000781f00000, 0x0000000796500000, 0x00000007c0000000)
  eden space 308224K, 100% used [0x0000000781f00000,0x0000000794c00000,0x0000000794c00000)
  from space 11264K, 22% used [0x0000000795a00000,0x0000000795c79e58,0x0000000796500000)
  to   space 12800K, 0% used [0x0000000794c00000,0x0000000794c00000,0x0000000795880000)
 ParOldGen       total 111104K, used 17106K [0x0000000705c00000, 0x000000070c880000, 0x0000000781f00000)
  object space 111104K, 15% used [0x0000000705c00000,0x0000000706cb4bd8,0x000000070c880000)
 Metaspace       used 38043K, capacity 40228K, committed 40280K, reserved 1083392K
  class space    used 5211K, capacity 5735K, committed 5760K, reserved 1048576K
Event: 146.700 GC heap after
Heap after GC invocations=13 (full 2):
 PSYoungGen      total 321024K, used 4195K [0x0000000781f00000, 0x00000007a0380000, 0x00000007c0000000)
  eden space 308224K, 0% used [0x0000000781f00000,0x0000000781f00000,0x0000000794c00000)
  from space 12800K, 32% used [0x0000000794c00000,0x0000000795018cc0,0x0000000795880000)
  to   space 12800K, 0% used [0x000000079f700000,0x000000079f700000,0x00000007a0380000)
 ParOldGen       total 111104K, used 19228K [0x0000000705c00000, 0x000000070c880000, 0x0000000781f00000)
  object space 111104K, 17% used [0x0000000705c00000,0x0000000706ec72b0,0x000000070c880000)
 Metaspace       used 38043K, capacity 40228K, committed 40280K, reserved 1083392K
  class space    used 5211K, capacity 5735K, committed 5760K, reserved 1048576K
}
Event: 411.005 GC heap before
{Heap before GC invocations=14 (full 2):
 PSYoungGen      total 321024K, used 312419K [0x0000000781f00000, 0x00000007a0380000, 0x00000007c0000000)
  eden space 308224K, 100% used [0x0000000781f00000,0x0000000794c00000,0x0000000794c00000)
  from space 12800K, 32% used [0x0000000794c00000,0x0000000795018cc0,0x0000000795880000)
  to   space 12800K, 0% used [0x000000079f700000,0x000000079f700000,0x00000007a0380000)
 ParOldGen       total 111104K, used 19228K [0x0000000705c00000, 0x000000070c880000, 0x0000000781f00000)
  object space 111104K, 17% used [0x0000000705c00000,0x0000000706ec72b0,0x000000070c880000)
 Metaspace       used 38413K, capacity 40612K, committed 40792K, reserved 1085440K
  class space    used 5225K, capacity 5735K, committed 5760K, reserved 1048576K
Event: 411.016 GC heap after
Heap after GC invocations=14 (full 2):
 PSYoungGen      total 470016K, used 1082K [0x0000000781f00000, 0x000000079fd00000, 0x00000007c0000000)
  eden space 463872K, 0% used [0x0000000781f00000,0x0000000781f00000,0x000000079e400000)
  from space 6144K, 17% used [0x000000079f700000,0x000000079f80ea20,0x000000079fd00000)
  to   space 12800K, 0% used [0x000000079e400000,0x000000079e400000,0x000000079f080000)
 ParOldGen       total 111104K, used 21235K [0x0000000705c00000, 0x000000070c880000, 0x0000000781f00000)
  object space 111104K, 19% used [0x0000000705c00000,0x00000007070bcff8,0x000000070c880000)
 Metaspace       used 38413K, capacity 40612K, committed 40792K, reserved 1085440K
  class space    used 5225K, capacity 5735K, committed 5760K, reserved 1048576K
}

